app/build/outputs/logs/manifest-merger-debug-report.txt
-- Merging decision tree log ---
manifest
ADDED from src/main/AndroidManifest.xml:2:1-24:12
	package
		ADDED from src/main/AndroidManifest.xml:3:5-46
		INJECTED from src/main/AndroidManifest.xml
		INJECTED from src/main/AndroidManifest.xml
	android:versionName
		INJECTED from src/main/AndroidManifest.xml
		INJECTED from src/main/AndroidManifest.xml
	xmlns:android
		ADDED from src/main/AndroidManifest.xml:2:11-69
	android:versionCode
		INJECTED from src/main/AndroidManifest.xml
		INJECTED from src/main/AndroidManifest.xml
application
ADDED from src/main/AndroidManifest.xml:12:5-22:19
MERGED from [com.mobile.android:splashscreen-lottie:1.0.0] com.mobile.android.splashscreen-lottie.xml:4:3-84
MERGED from [com.android.support.constraint:constraint-layout:1.0.2] com.android.support.constraint.constraint-layout.xml:4:3-17
MERGED from [com.android.support:design:25.1.0] com.android.support.design.xml:19:3-17
MERGED from [com.android.support:appcompat-v7:25.1.0] com.android.support.appcompat-v7.xml:19:3-17
MERGED from [com.android.support:animated-vector-drawable:25.1.0] com.android.support.animated-vector-drawable.xml:19:3-17
MERGED from [com.android.support:support-vector-drawable:25.1.0] com.android.support.support-vector-drawable.xml:19:3-17
MERGED from [com.android.support:transition:25.1.0] com.android.support.transition.xml:19:3-17
MERGED from [com.android.support:support-v4:25.1.0] com.android.support.support-v4.xml:19:3-17
MERGED from [com.android.support:support-fragment:25.1.0] com.android.support.support-fragment.xml:19:3-17
MERGED from [com.android.support:support-media-compat:25.1.0] com.android.support.support-media-compat.xml:19:3-17
MERGED from [com.android.support:support-core-ui:25.1.0] com.android.support.support-core-ui.xml:19:3-17
MERGED from [com.android.support:support-core-utils:25.1.0] com.android.support.support-core-utils.xml:19:3-17
MERGED from [com.android.support:support-compat:25.1.0] com.android.support.support-compat.xml:19:3-17
MERGED from [com.taobao.android:atlasupdate:1.1.4.10] com.taobao.android.atlasupdate.xml:4:3-24:17
MERGED from [com.taobao.android:atlas_core:5.0.7.30] com.taobao.android.atlas_core.xml:4:3-6:17
MERGED from manifest-modify/debug/com.mobile.android.middleware.xml:4:3-17
MERGED from manifest-modify/debug/com.mobile.android.splashscreen.xml:4:3-11:17
MERGED from manifest-modify/debug/com.mobile.android.secondbundle.xml:4:3-11:17
	android:supportsRtl
		ADDED from [com.mobile.android:splashscreen-lottie:1.0.0] com.mobile.android.splashscreen-lottie.xml:4:43-69
	android:label
		ADDED from manifest-modify/debug/com.mobile.android.secondbundle.xml:4:78-110
	android:roundIcon
		ADDED from manifest-modify/debug/com.mobile.android.secondbundle.xml:4:111-156
	android:allowBackup
		ADDED from src/main/AndroidManifest.xml:13:9-35
	android:icon
		ADDED from manifest-modify/debug/com.mobile.android.secondbundle.xml:4:43-77
	android:theme
		ADDED from manifest-modify/debug/com.mobile.android.secondbundle.xml:4:184-215
uses-sdk
INJECTED from src/main/AndroidManifest.xml reason: use-sdk injection requested
	android:targetSdkVersion
		INJECTED from src/main/AndroidManifest.xml
		INJECTED from src/main/AndroidManifest.xml
	android:minSdkVersion
		INJECTED from src/main/AndroidManifest.xml
		INJECTED from src/main/AndroidManifest.xml
uses-permission#android.permission.WRITE_EXTERNAL_STORAGE
IMPLIED from src/main/AndroidManifest.xml:2:1-24:12 reason: com.mobile.android.lottie has a targetSdkVersion < 4
uses-permission#android.permission.READ_PHONE_STATE
IMPLIED from src/main/AndroidManifest.xml:2:1-24:12 reason: com.mobile.android.lottie has a targetSdkVersion < 4
uses-permission#android.permission.READ_EXTERNAL_STORAGE
IMPLIED from src/main/AndroidManifest.xml:2:1-24:12 reason: com.mobile.android.lottie requested WRITE_EXTERNAL_STORAGE
service#com.taobao.atlas.dexmerge.DexMergeService
ADDED from [com.taobao.android:atlasupdate:1.1.4.10] com.taobao.android.atlasupdate.xml:5:5-9:15
	android:process
		ADDED from [com.taobao.android:atlasupdate:1.1.4.10] com.taobao.android.atlasupdate.xml:5:71-98
	android:name
		ADDED from [com.taobao.android:atlasupdate:1.1.4.10] com.taobao.android.atlasupdate.xml:5:14-70
intent-filter#com.taobao.atlas.dexmerge.DexMergeService
ADDED from [com.taobao.android:atlasupdate:1.1.4.10] com.taobao.android.atlasupdate.xml:6:7-8:23
action#com.taobao.atlas.dexmerge.DexMergeService
ADDED from [com.taobao.android:atlasupdate:1.1.4.10] com.taobao.android.atlasupdate.xml:7:9-75
	android:name
		ADDED from [com.taobao.android:atlasupdate:1.1.4.10] com.taobao.android.atlasupdate.xml:7:17-73
receiver#com.taobao.atlas.update.AwoPatchReceiver
ADDED from [com.taobao.android:atlasupdate:1.1.4.10] com.taobao.android.atlasupdate.xml:10:5-23:16
	android:name
		ADDED from [com.taobao.android:atlasupdate:1.1.4.10] com.taobao.android.atlasupdate.xml:10:15-70
intent-filter#com.taobao.atlas.intent.PATCH_APP
ADDED from [com.taobao.android:atlasupdate:1.1.4.10] com.taobao.android.atlasupdate.xml:11:7-13:23
action#com.taobao.atlas.intent.PATCH_APP
ADDED from [com.taobao.android:atlasupdate:1.1.4.10] com.taobao.android.atlasupdate.xml:12:9-67
	android:name
		ADDED from [com.taobao.android:atlasupdate:1.1.4.10] com.taobao.android.atlasupdate.xml:12:17-65
intent-filter#com.taobao.atlas.intent.DEX_PATCH_APP
ADDED from [com.taobao.android:atlasupdate:1.1.4.10] com.taobao.android.atlasupdate.xml:14:7-16:23
action#com.taobao.atlas.intent.DEX_PATCH_APP
ADDED from [com.taobao.android:atlasupdate:1.1.4.10] com.taobao.android.atlasupdate.xml:15:9-71
	android:name
		ADDED from [com.taobao.android:atlasupdate:1.1.4.10] com.taobao.android.atlasupdate.xml:15:17-69
intent-filter#com.taobao.atlas.intent.ROLLBACK_PATCH
ADDED from [com.taobao.android:atlasupdate:1.1.4.10] com.taobao.android.atlasupdate.xml:17:7-19:23
action#com.taobao.atlas.intent.ROLLBACK_PATCH
ADDED from [com.taobao.android:atlasupdate:1.1.4.10] com.taobao.android.atlasupdate.xml:18:9-72
	android:name
		ADDED from [com.taobao.android:atlasupdate:1.1.4.10] com.taobao.android.atlasupdate.xml:18:17-70
intent-filter#com.taobao.atlas.intent.ROLLBACK_DEX_PATCH
ADDED from [com.taobao.android:atlasupdate:1.1.4.10] com.taobao.android.atlasupdate.xml:20:7-22:23
action#com.taobao.atlas.intent.ROLLBACK_DEX_PATCH
ADDED from [com.taobao.android:atlasupdate:1.1.4.10] com.taobao.android.atlasupdate.xml:21:9-76
	android:name
		ADDED from [com.taobao.android:atlasupdate:1.1.4.10] com.taobao.android.atlasupdate.xml:21:17-74
service#com.taobao.android.runtime.Dex2OatService
ADDED from [com.taobao.android:atlas_core:5.0.7.30] com.taobao.android.atlas_core.xml:5:5-99
	android:process
		ADDED from [com.taobao.android:atlas_core:5.0.7.30] com.taobao.android.atlas_core.xml:5:71-97
	android:name
		ADDED from [com.taobao.android:atlas_core:5.0.7.30] com.taobao.android.atlas_core.xml:5:14-70
activity#com.mobile.android.splashscreen.ui.WelcomeActivity
ADDED from manifest-modify/debug/com.mobile.android.splashscreen.xml:5:5-10:16
	android:configChanges
		ADDED from manifest-modify/debug/com.mobile.android.splashscreen.xml:5:81-142
	android:name
		ADDED from manifest-modify/debug/com.mobile.android.splashscreen.xml:5:15-80
intent-filter#android.intent.action.MAIN+android.intent.category.LAUNCHER
ADDED from manifest-modify/debug/com.mobile.android.splashscreen.xml:6:7-9:23
action#android.intent.action.MAIN
ADDED from manifest-modify/debug/com.mobile.android.splashscreen.xml:7:9-60
	android:name
		ADDED from manifest-modify/debug/com.mobile.android.splashscreen.xml:7:17-58
category#android.intent.category.LAUNCHER
ADDED from manifest-modify/debug/com.mobile.android.splashscreen.xml:8:9-68
	android:name
		ADDED from manifest-modify/debug/com.mobile.android.splashscreen.xml:8:19-66
activity#com.mobile.android.secondbundle.MainActivity
ADDED from manifest-modify/debug/com.mobile.android.secondbundle.xml:5:5-10:16
	android:name
		ADDED from manifest-modify/debug/com.mobile.android.secondbundle.xml:5:15-74